Using pre-set license
Built from '2022.3/staging' branch; Version is '2022.3.13f1 (5f90a5ebde0f) revision 6262949'; Using compiler version '192829333'; Build Type 'Release'
OS: 'Windows 11  (10.0.22621) 64bit Core' Language: 'en' Physical Memory: 65296 MB
BatchMode: 1, IsHumanControllingUs: 0, StartBugReporterOnCrash: 0, Is64bit: 1, IsPro: 1

COMMAND LINE ARGUMENTS:
D:\Unity\2022.3.13f1\Editor\Unity.exe
-adb2
-batchMode
-noUpm
-name
AssetImportWorker3
-projectPath
C:/Users/Alienware/Desktop/VC CMPT742/A4/A4
-logFile
Logs/AssetImportWorker3.log
-srvPort
5149
Successfully changed project path to: C:/Users/Alienware/Desktop/VC CMPT742/A4/A4
C:/Users/Alienware/Desktop/VC CMPT742/A4/A4
[UnityMemory] Configuration Parameters - Can be set up in boot.config
    "memorysetup-bucket-allocator-granularity=16"
    "memorysetup-bucket-allocator-bucket-count=8"
    "memorysetup-bucket-allocator-block-size=33554432"
    "memorysetup-bucket-allocator-block-count=8"
    "memorysetup-main-allocator-block-size=16777216"
    "memorysetup-thread-allocator-block-size=16777216"
    "memorysetup-gfx-main-allocator-block-size=16777216"
    "memorysetup-gfx-thread-allocator-block-size=16777216"
    "memorysetup-cache-allocator-block-size=4194304"
    "memorysetup-typetree-allocator-block-size=2097152"
    "memorysetup-profiler-bucket-allocator-granularity=16"
    "memorysetup-profiler-bucket-allocator-bucket-count=8"
    "memorysetup-profiler-bucket-allocator-block-size=33554432"
    "memorysetup-profiler-bucket-allocator-block-count=8"
    "memorysetup-profiler-allocator-block-size=16777216"
    "memorysetup-profiler-editor-allocator-block-size=1048576"
    "memorysetup-temp-allocator-size-main=16777216"
    "memorysetup-job-temp-allocator-block-size=2097152"
    "memorysetup-job-temp-allocator-block-size-background=1048576"
    "memorysetup-job-temp-allocator-reduction-small-platforms=262144"
    "memorysetup-allocator-temp-initial-block-size-main=262144"
    "memorysetup-allocator-temp-initial-block-size-worker=262144"
    "memorysetup-temp-allocator-size-background-worker=32768"
    "memorysetup-temp-allocator-size-job-worker=262144"
    "memorysetup-temp-allocator-size-preload-manager=33554432"
    "memorysetup-temp-allocator-size-nav-mesh-worker=65536"
    "memorysetup-temp-allocator-size-audio-worker=65536"
    "memorysetup-temp-allocator-size-cloud-worker=32768"
    "memorysetup-temp-allocator-size-gi-baking-worker=262144"
    "memorysetup-temp-allocator-size-gfx=262144"
Player connection [27692] Host "[IP] 10.0.0.209 [Port] 0 [Flags] 2 [Guid] 2205118313 [EditorId] 2205118313 [Version] 1048832 [Id] WindowsEditor(7,wenhe) [Debug] 1 [PackageName] WindowsEditor [ProjectName] Editor" joined multi-casting on [225.0.0.222:54997]...

Player connection [27692] Host "[IP] 10.0.0.209 [Port] 0 [Flags] 2 [Guid] 2205118313 [EditorId] 2205118313 [Version] 1048832 [Id] WindowsEditor(7,wenhe) [Debug] 1 [PackageName] WindowsEditor [ProjectName] Editor" joined alternative multi-casting on [225.0.0.222:34997]...

[Physics::Module] Initialized MultithreadedJobDispatcher with 31 workers.
Refreshing native plugins compatible for Editor in 6.84 ms, found 3 plugins.
Preloading 0 native plugins for Editor in 0.00 ms.
Initialize engine version: 2022.3.13f1 (5f90a5ebde0f)
[Subsystems] Discovering subsystems at path D:/Unity/2022.3.13f1/Editor/Data/Resources/UnitySubsystems
[Subsystems] Discovering subsystems at path C:/Users/Alienware/Desktop/VC CMPT742/A4/A4/Assets
GfxDevice: creating device client; threaded=0; jobified=0
Direct3D:
    Version:  Direct3D 11.0 [level 11.1]
    Renderer: NVIDIA GeForce RTX 4080 Laptop GPU (ID=0x27e0)
    Vendor:   NVIDIA
    VRAM:     12011 MB
    Driver:   31.0.15.4601
Initialize mono
Mono path[0] = 'D:/Unity/2022.3.13f1/Editor/Data/Managed'
Mono path[1] = 'D:/Unity/2022.3.13f1/Editor/Data/MonoBleedingEdge/lib/mono/unityjit-win32'
Mono config path = 'D:/Unity/2022.3.13f1/Editor/Data/MonoBleedingEdge/etc'
Using monoOptions --debugger-agent=transport=dt_socket,embedding=1,server=y,suspend=n,address=127.0.0.1:56588
Begin MonoManager ReloadAssembly
Registering precompiled unity dll's ...
Register platform support module: D:/Unity/2022.3.13f1/Editor/Data/PlaybackEngines/WebGLSupport/UnityEditor.WebGL.Extensions.dll
Register platform support module: D:/Unity/2022.3.13f1/Editor/Data/PlaybackEngines/WindowsStandaloneSupport/UnityEditor.WindowsStandalone.Extensions.dll
Registered in 0.003396 seconds.
- Loaded All Assemblies, in  0.404 seconds
Native extension for WindowsStandalone target not found
Native extension for WebGL target not found
Mono: successfully reloaded assembly
- Finished resetting the current domain, in  0.181 seconds
Domain Reload Profiling: 586ms
	BeginReloadAssembly (137ms)
		ExecutionOrderSort (0ms)
		DisableScriptedObjects (0ms)
		BackupInstance (0ms)
		ReleaseScriptingObjects (0ms)
		CreateAndSetChildDomain (1ms)
	RebuildCommonClasses (38ms)
	RebuildNativeTypeToScriptingClass (7ms)
	initialDomainReloadingComplete (46ms)
	LoadAllAssembliesAndSetupDomain (176ms)
		LoadAssemblies (139ms)
		RebuildTransferFunctionScriptingTraits (0ms)
		AnalyzeDomain (173ms)
			TypeCache.Refresh (170ms)
				TypeCache.ScanAssembly (151ms)
			ScanForSourceGeneratedMonoScriptInfo (0ms)
			ResolveRequiredComponents (0ms)
	FinalizeReload (181ms)
		ReleaseScriptCaches (0ms)
		RebuildScriptCaches (0ms)
		SetupLoadedEditorAssemblies (137ms)
			LogAssemblyErrors (0ms)
			InitializePlatformSupportModulesInManaged (6ms)
			SetLoadedEditorAssemblies (4ms)
			RefreshPlugins (0ms)
			BeforeProcessingInitializeOnLoad (1ms)
			ProcessInitializeOnLoadAttributes (84ms)
			ProcessInitializeOnLoadMethodAttributes (42ms)
			AfterProcessingInitializeOnLoad (0ms)
			EditorAssembliesLoaded (0ms)
		ExecutionOrderSort2 (0ms)
		AwakeInstancesAfterBackupRestoration (0ms)
========================================================================
Worker process is ready to serve import requests
Begin MonoManager ReloadAssembly
- Loaded All Assemblies, in  0.759 seconds
Refreshing native plugins compatible for Editor in 2.70 ms, found 3 plugins.
Native extension for WindowsStandalone target not found
Native extension for WebGL target not found
Package Manager log level set to [2]
[Package Manager] Server::EnsureServerProcessIsRunning -- launch failed, reason: Unity was launched with the -noUpm command-line argument
[Package Manager] UpmClient::Send -- Unable to send message (not connected to UPM process).
[Package Manager] Cannot connect to Unity Package Manager local server
Mono: successfully reloaded assembly
- Finished resetting the current domain, in  0.365 seconds
Domain Reload Profiling: 1124ms
	BeginReloadAssembly (142ms)
		ExecutionOrderSort (0ms)
		DisableScriptedObjects (4ms)
		BackupInstance (0ms)
		ReleaseScriptingObjects (0ms)
		CreateAndSetChildDomain (14ms)
	RebuildCommonClasses (25ms)
	RebuildNativeTypeToScriptingClass (7ms)
	initialDomainReloadingComplete (27ms)
	LoadAllAssembliesAndSetupDomain (557ms)
		LoadAssemblies (411ms)
		RebuildTransferFunctionScriptingTraits (0ms)
		AnalyzeDomain (239ms)
			TypeCache.Refresh (224ms)
				TypeCache.ScanAssembly (205ms)
			ScanForSourceGeneratedMonoScriptInfo (11ms)
			ResolveRequiredComponents (3ms)
	FinalizeReload (366ms)
		ReleaseScriptCaches (0ms)
		RebuildScriptCaches (0ms)
		SetupLoadedEditorAssemblies (267ms)
			LogAssemblyErrors (0ms)
			InitializePlatformSupportModulesInManaged (4ms)
			SetLoadedEditorAssemblies (3ms)
			RefreshPlugins (0ms)
			BeforeProcessingInitializeOnLoad (36ms)
			ProcessInitializeOnLoadAttributes (209ms)
			ProcessInitializeOnLoadMethodAttributes (13ms)
			AfterProcessingInitializeOnLoad (1ms)
			EditorAssembliesLoaded (0ms)
		ExecutionOrderSort2 (0ms)
		AwakeInstancesAfterBackupRestoration (5ms)
Launched and connected shader compiler UnityShaderCompiler.exe after 0.09 seconds
Refreshing native plugins compatible for Editor in 4.47 ms, found 3 plugins.
Preloading 0 native plugins for Editor in 0.00 ms.
Unloading 3084 Unused Serialized files (Serialized files now loaded: 0)
Unloading 32 unused Assets / (56.7 KB). Loaded Objects now: 3545.
Memory consumption went from 123.4 MB to 123.3 MB.
Total: 2.733500 ms (FindLiveObjects: 0.147900 ms CreateObjectMapping: 0.050700 ms MarkObjects: 2.451600 ms  DeleteObjects: 0.082100 ms)

AssetImportParameters requested are different than current active one (requested -> active):
  custom:container-demuxer-ogg: 62fdf1f143b41e24485cea50d1cbac27 -> 
  custom:video-codec-MediaFoundation-h265: 746d11721c4dcdbdad8f713fa42b33f4 -> 
  custom:video-decoder-ogg-theora: a1e56fd34408186e4bbccfd4996cb3dc -> 
  custom:framework-win-MediaFoundation: 216162199b28c13a410421893ffa2e32 -> 
  custom:container-demuxer-webm: 4f35f7cbe854078d1ac9338744f61a02 -> 
  custom:container-muxer-webm: aa71ff27fc2769a1b78a27578f13a17b -> 
  custom:video-decoder-webm-vp8: 9c59270c3fd7afecdb556c50c9e8de78 -> 
  custom:AudioImporter_EditorPlatform: d09bf68614088b80899f8185d706f6e7 -> 
  custom:video-encoder-webm-vp8: eb34c28f22e8b96e1ab97ce403110664 -> 
  custom:audio-decoder-ogg-vorbis: bf7c407c2cedff20999df2af8eb42d56 -> 
  custom:audio-encoder-webm-vorbis: bf7c407c2cedff20999df2af8eb42d56 -> 
========================================================================
Received Import Request.
  Time since last request: 444720.948566 seconds.
  path: Assets/shooter pack (2)/shooter pack/lower_body.mask
  artifactKey: Guid(a76c471038e1e7543ab8ed7890714623) Importer(815301076,1909f56bfc062723c751e8b465ee728b)
Start importing Assets/shooter pack (2)/shooter pack/lower_body.mask using Guid(a76c471038e1e7543ab8ed7890714623) Importer(815301076,1909f56bfc062723c751e8b465ee728b)  -> (artifact id: 'd4ba574af2a7c29632af7c936b0cc045') in 0.008587 seconds
Number of updated asset objects reloaded before import = 0
Number of asset objects unloaded after import = 1
========================================================================
Received Import Request.
  Time since last request: 0.039881 seconds.
  path: Assets/shooter pack (2)/shooter pack/run backwards.fbx
  artifactKey: Guid(0446314b013f1284faac513a42231429) Importer(815301076,1909f56bfc062723c751e8b465ee728b)
Start importing Assets/shooter pack (2)/shooter pack/run backwards.fbx using Guid(0446314b013f1284faac513a42231429) Importer(815301076,1909f56bfc062723c751e8b465ee728b)  -> (artifact id: '336ad03f3a0f338de785729d2067a60d') in 0.014705 seconds
Number of updated asset objects reloaded before import = 0
Number of asset objects unloaded after import = 143
========================================================================
Received Import Request.
  Time since last request: 0.033471 seconds.
  path: Assets/shooter pack (2)/shooter pack/stop walking.fbx
  artifactKey: Guid(54d9847d21e208b44b32a28d9c751dbc) Importer(815301076,1909f56bfc062723c751e8b465ee728b)
Start importing Assets/shooter pack (2)/shooter pack/stop walking.fbx using Guid(54d9847d21e208b44b32a28d9c751dbc) Importer(815301076,1909f56bfc062723c751e8b465ee728b)  -> (artifact id: 'fa77ad969587f0433037f9eb8a9c46e2') in 0.005235 seconds
Number of updated asset objects reloaded before import = 0
Number of asset objects unloaded after import = 143
========================================================================
Received Import Request.
  Time since last request: 0.036354 seconds.
  path: Assets/shooter pack (2)/shooter pack/swat@Rifle Aiming Idle.fbx
  artifactKey: Guid(fb5b98e797242da4b953c3c96bacbd17) Importer(815301076,1909f56bfc062723c751e8b465ee728b)
Start importing Assets/shooter pack (2)/shooter pack/swat@Rifle Aiming Idle.fbx using Guid(fb5b98e797242da4b953c3c96bacbd17) Importer(815301076,1909f56bfc062723c751e8b465ee728b)  -> (artifact id: '58ba498be8f915df7a37ca68f4a24a93') in 0.005061 seconds
Number of updated asset objects reloaded before import = 0
Number of asset objects unloaded after import = 143
========================================================================
Received Import Request.
  Time since last request: 0.036105 seconds.
  path: Assets/shooter pack (2)/shooter pack/swat@Rifle Walk.fbx
  artifactKey: Guid(ea7088c9df51b554a912816117051083) Importer(815301076,1909f56bfc062723c751e8b465ee728b)
Start importing Assets/shooter pack (2)/shooter pack/swat@Rifle Walk.fbx using Guid(ea7088c9df51b554a912816117051083) Importer(815301076,1909f56bfc062723c751e8b465ee728b)  -> (artifact id: '627dd93a086231b7ce95e3e40f2680c8') in 0.004875 seconds
Number of updated asset objects reloaded before import = 0
Number of asset objects unloaded after import = 143
========================================================================
Received Import Request.
  Time since last request: 0.000010 seconds.
  path: Assets/shooter pack (2)/shooter pack/swat@Walk Right.fbx
  artifactKey: Guid(1ed99323315180d40bb47df98b8ef842) Importer(815301076,1909f56bfc062723c751e8b465ee728b)
Start importing Assets/shooter pack (2)/shooter pack/swat@Walk Right.fbx using Guid(1ed99323315180d40bb47df98b8ef842) Importer(815301076,1909f56bfc062723c751e8b465ee728b)  -> (artifact id: '8a46e143f9d78ef7d51188fdb481512e') in 0.004396 seconds
Number of updated asset objects reloaded before import = 0
Number of asset objects unloaded after import = 143
========================================================================
Received Import Request.
  Time since last request: 0.000020 seconds.
  path: Assets/shooter pack (2)/shooter pack/swat@Idle Aiming.fbx
  artifactKey: Guid(2d1b2db58ff9d12428041cf52e39250a) Importer(815301076,1909f56bfc062723c751e8b465ee728b)
Start importing Assets/shooter pack (2)/shooter pack/swat@Idle Aiming.fbx using Guid(2d1b2db58ff9d12428041cf52e39250a) Importer(815301076,1909f56bfc062723c751e8b465ee728b)  -> (artifact id: 'ad128bd54f1dc0e9f3dcb6f520497688') in 0.004005 seconds
Number of updated asset objects reloaded before import = 0
Number of asset objects unloaded after import = 143
========================================================================
Received Import Request.
  Time since last request: 0.000011 seconds.
  path: Assets/shooter pack (2)/shooter pack/swat@Reloading.fbx
  artifactKey: Guid(7bae327707e6a0e49a09fc00f160c76c) Importer(815301076,1909f56bfc062723c751e8b465ee728b)
Start importing Assets/shooter pack (2)/shooter pack/swat@Reloading.fbx using Guid(7bae327707e6a0e49a09fc00f160c76c) Importer(815301076,1909f56bfc062723c751e8b465ee728b)  -> (artifact id: '8d5434418f8e10500a507b0da339caab') in 0.002974 seconds
Number of updated asset objects reloaded before import = 0
Number of asset objects unloaded after import = 143
========================================================================
Received Import Request.
  Time since last request: 0.000017 seconds.
  path: Assets/shooter pack (2)/shooter pack/walking to dying.fbx
  artifactKey: Guid(b17115bc3b984484fa25ea9a8ad6e22f) Importer(815301076,1909f56bfc062723c751e8b465ee728b)
Start importing Assets/shooter pack (2)/shooter pack/walking to dying.fbx using Guid(b17115bc3b984484fa25ea9a8ad6e22f) Importer(815301076,1909f56bfc062723c751e8b465ee728b)  -> (artifact id: '3206ca0c5f51e2faabc391406f7e5ef8') in 0.005478 seconds
Number of updated asset objects reloaded before import = 0
Number of asset objects unloaded after import = 143
========================================================================
Received Import Request.
  Time since last request: 0.000024 seconds.
  path: Assets/shooter pack (2)/shooter pack/walk backwards stop.fbx
  artifactKey: Guid(216768c6e336dce459b2ae910bbc843f) Importer(815301076,1909f56bfc062723c751e8b465ee728b)
Start importing Assets/shooter pack (2)/shooter pack/walk backwards stop.fbx using Guid(216768c6e336dce459b2ae910bbc843f) Importer(815301076,1909f56bfc062723c751e8b465ee728b)  -> (artifact id: '754c831dabdb7d3863f8e318ca836d51') in 0.004711 seconds
Number of updated asset objects reloaded before import = 0
Number of asset objects unloaded after import = 143
Editor requested this worker to shutdown with reason: Scaling down because of idle timeout
TcpMessagingSession - receive error: operation aborted. errorcode: 995, details: The I/O operation has been aborted because of either a thread exit or an application request.
AssetImportWorker is now disconnected from the server
Process exiting
Exiting without the bug reporter. Application will terminate with return code 0