Using pre-set license
Built from '2022.3/staging' branch; Version is '2022.3.13f1 (5f90a5ebde0f) revision 6262949'; Using compiler version '192829333'; Build Type 'Release'
OS: 'Windows 11  (10.0.22621) 64bit Core' Language: 'en' Physical Memory: 65296 MB
BatchMode: 1, IsHumanControllingUs: 0, StartBugReporterOnCrash: 0, Is64bit: 1, IsPro: 1

COMMAND LINE ARGUMENTS:
D:\Unity\2022.3.13f1\Editor\Unity.exe
-adb2
-batchMode
-noUpm
-name
AssetImportWorker0
-projectPath
C:/Users/Alienware/Desktop/VC CMPT742/A4/A4
-logFile
Logs/AssetImportWorker0.log
-srvPort
5149
Successfully changed project path to: C:/Users/Alienware/Desktop/VC CMPT742/A4/A4
C:/Users/Alienware/Desktop/VC CMPT742/A4/A4
[UnityMemory] Configuration Parameters - Can be set up in boot.config
    "memorysetup-bucket-allocator-granularity=16"
    "memorysetup-bucket-allocator-bucket-count=8"
    "memorysetup-bucket-allocator-block-size=33554432"
    "memorysetup-bucket-allocator-block-count=8"
    "memorysetup-main-allocator-block-size=16777216"
    "memorysetup-thread-allocator-block-size=16777216"
    "memorysetup-gfx-main-allocator-block-size=16777216"
    "memorysetup-gfx-thread-allocator-block-size=16777216"
    "memorysetup-cache-allocator-block-size=4194304"
    "memorysetup-typetree-allocator-block-size=2097152"
    "memorysetup-profiler-bucket-allocator-granularity=16"
    "memorysetup-profiler-bucket-allocator-bucket-count=8"
    "memorysetup-profiler-bucket-allocator-block-size=33554432"
    "memorysetup-profiler-bucket-allocator-block-count=8"
    "memorysetup-profiler-allocator-block-size=16777216"
    "memorysetup-profiler-editor-allocator-block-size=1048576"
    "memorysetup-temp-allocator-size-main=16777216"
    "memorysetup-job-temp-allocator-block-size=2097152"
    "memorysetup-job-temp-allocator-block-size-background=1048576"
    "memorysetup-job-temp-allocator-reduction-small-platforms=262144"
    "memorysetup-allocator-temp-initial-block-size-main=262144"
    "memorysetup-allocator-temp-initial-block-size-worker=262144"
    "memorysetup-temp-allocator-size-background-worker=32768"
    "memorysetup-temp-allocator-size-job-worker=262144"
    "memorysetup-temp-allocator-size-preload-manager=33554432"
    "memorysetup-temp-allocator-size-nav-mesh-worker=65536"
    "memorysetup-temp-allocator-size-audio-worker=65536"
    "memorysetup-temp-allocator-size-cloud-worker=32768"
    "memorysetup-temp-allocator-size-gi-baking-worker=262144"
    "memorysetup-temp-allocator-size-gfx=262144"
Player connection [47480] Host "[IP] 10.0.0.209 [Port] 0 [Flags] 2 [Guid] 1057001346 [EditorId] 1057001346 [Version] 1048832 [Id] WindowsEditor(7,wenhe) [Debug] 1 [PackageName] WindowsEditor [ProjectName] Editor" joined multi-casting on [225.0.0.222:54997]...

Player connection [47480] Host "[IP] 10.0.0.209 [Port] 0 [Flags] 2 [Guid] 1057001346 [EditorId] 1057001346 [Version] 1048832 [Id] WindowsEditor(7,wenhe) [Debug] 1 [PackageName] WindowsEditor [ProjectName] Editor" joined alternative multi-casting on [225.0.0.222:34997]...

[Physics::Module] Initialized MultithreadedJobDispatcher with 31 workers.
Refreshing native plugins compatible for Editor in 7.80 ms, found 3 plugins.
Preloading 0 native plugins for Editor in 0.00 ms.
Initialize engine version: 2022.3.13f1 (5f90a5ebde0f)
[Subsystems] Discovering subsystems at path D:/Unity/2022.3.13f1/Editor/Data/Resources/UnitySubsystems
[Subsystems] Discovering subsystems at path C:/Users/Alienware/Desktop/VC CMPT742/A4/A4/Assets
GfxDevice: creating device client; threaded=0; jobified=0
Direct3D:
    Version:  Direct3D 11.0 [level 11.1]
    Renderer: NVIDIA GeForce RTX 4080 Laptop GPU (ID=0x27e0)
    Vendor:   NVIDIA
    VRAM:     12011 MB
    Driver:   31.0.15.4601
Initialize mono
Mono path[0] = 'D:/Unity/2022.3.13f1/Editor/Data/Managed'
Mono path[1] = 'D:/Unity/2022.3.13f1/Editor/Data/MonoBleedingEdge/lib/mono/unityjit-win32'
Mono config path = 'D:/Unity/2022.3.13f1/Editor/Data/MonoBleedingEdge/etc'
Using monoOptions --debugger-agent=transport=dt_socket,embedding=1,server=y,suspend=n,address=127.0.0.1:56516
Begin MonoManager ReloadAssembly
Registering precompiled unity dll's ...
Register platform support module: D:/Unity/2022.3.13f1/Editor/Data/PlaybackEngines/WebGLSupport/UnityEditor.WebGL.Extensions.dll
Register platform support module: D:/Unity/2022.3.13f1/Editor/Data/PlaybackEngines/WindowsStandaloneSupport/UnityEditor.WindowsStandalone.Extensions.dll
Registered in 0.002399 seconds.
- Loaded All Assemblies, in  0.236 seconds
Native extension for WindowsStandalone target not found
Native extension for WebGL target not found
Mono: successfully reloaded assembly
- Finished resetting the current domain, in  0.157 seconds
Domain Reload Profiling: 393ms
	BeginReloadAssembly (79ms)
		ExecutionOrderSort (0ms)
		DisableScriptedObjects (0ms)
		BackupInstance (0ms)
		ReleaseScriptingObjects (0ms)
		CreateAndSetChildDomain (1ms)
	RebuildCommonClasses (21ms)
	RebuildNativeTypeToScriptingClass (6ms)
	initialDomainReloadingComplete (32ms)
	LoadAllAssembliesAndSetupDomain (98ms)
		LoadAssemblies (79ms)
		RebuildTransferFunctionScriptingTraits (0ms)
		AnalyzeDomain (96ms)
			TypeCache.Refresh (95ms)
				TypeCache.ScanAssembly (86ms)
			ScanForSourceGeneratedMonoScriptInfo (0ms)
			ResolveRequiredComponents (0ms)
	FinalizeReload (157ms)
		ReleaseScriptCaches (0ms)
		RebuildScriptCaches (0ms)
		SetupLoadedEditorAssemblies (119ms)
			LogAssemblyErrors (0ms)
			InitializePlatformSupportModulesInManaged (5ms)
			SetLoadedEditorAssemblies (3ms)
			RefreshPlugins (0ms)
			BeforeProcessingInitializeOnLoad (1ms)
			ProcessInitializeOnLoadAttributes (79ms)
			ProcessInitializeOnLoadMethodAttributes (31ms)
			AfterProcessingInitializeOnLoad (0ms)
			EditorAssembliesLoaded (0ms)
		ExecutionOrderSort2 (0ms)
		AwakeInstancesAfterBackupRestoration (0ms)
========================================================================
Worker process is ready to serve import requests
Begin MonoManager ReloadAssembly
- Loaded All Assemblies, in  0.387 seconds
Refreshing native plugins compatible for Editor in 3.08 ms, found 3 plugins.
Native extension for WindowsStandalone target not found
Native extension for WebGL target not found
Package Manager log level set to [2]
[Package Manager] Server::EnsureServerProcessIsRunning -- launch failed, reason: Unity was launched with the -noUpm command-line argument
[Package Manager] UpmClient::Send -- Unable to send message (not connected to UPM process).
[Package Manager] Cannot connect to Unity Package Manager local server
Mono: successfully reloaded assembly
- Finished resetting the current domain, in  0.321 seconds
Domain Reload Profiling: 708ms
	BeginReloadAssembly (94ms)
		ExecutionOrderSort (0ms)
		DisableScriptedObjects (3ms)
		BackupInstance (0ms)
		ReleaseScriptingObjects (0ms)
		CreateAndSetChildDomain (13ms)
	RebuildCommonClasses (21ms)
	RebuildNativeTypeToScriptingClass (6ms)
	initialDomainReloadingComplete (23ms)
	LoadAllAssembliesAndSetupDomain (243ms)
		LoadAssemblies (190ms)
		RebuildTransferFunctionScriptingTraits (0ms)
		AnalyzeDomain (109ms)
			TypeCache.Refresh (98ms)
				TypeCache.ScanAssembly (88ms)
			ScanForSourceGeneratedMonoScriptInfo (8ms)
			ResolveRequiredComponents (2ms)
	FinalizeReload (322ms)
		ReleaseScriptCaches (0ms)
		RebuildScriptCaches (0ms)
		SetupLoadedEditorAssemblies (234ms)
			LogAssemblyErrors (0ms)
			InitializePlatformSupportModulesInManaged (4ms)
			SetLoadedEditorAssemblies (3ms)
			RefreshPlugins (0ms)
			BeforeProcessingInitializeOnLoad (32ms)
			ProcessInitializeOnLoadAttributes (181ms)
			ProcessInitializeOnLoadMethodAttributes (12ms)
			AfterProcessingInitializeOnLoad (1ms)
			EditorAssembliesLoaded (0ms)
		ExecutionOrderSort2 (0ms)
		AwakeInstancesAfterBackupRestoration (6ms)
Launched and connected shader compiler UnityShaderCompiler.exe after 0.04 seconds
Refreshing native plugins compatible for Editor in 2.53 ms, found 3 plugins.
Preloading 0 native plugins for Editor in 0.00 ms.
Unloading 3084 Unused Serialized files (Serialized files now loaded: 0)
Unloading 32 unused Assets / (56.8 KB). Loaded Objects now: 3545.
Memory consumption went from 123.4 MB to 123.4 MB.
Total: 2.050600 ms (FindLiveObjects: 0.144100 ms CreateObjectMapping: 0.045100 ms MarkObjects: 1.790700 ms  DeleteObjects: 0.069800 ms)

AssetImportParameters requested are different than current active one (requested -> active):
  custom:container-demuxer-ogg: 62fdf1f143b41e24485cea50d1cbac27 -> 
  custom:video-codec-MediaFoundation-h265: 746d11721c4dcdbdad8f713fa42b33f4 -> 
  custom:video-decoder-ogg-theora: a1e56fd34408186e4bbccfd4996cb3dc -> 
  custom:framework-win-MediaFoundation: 216162199b28c13a410421893ffa2e32 -> 
  custom:container-demuxer-webm: 4f35f7cbe854078d1ac9338744f61a02 -> 
  custom:container-muxer-webm: aa71ff27fc2769a1b78a27578f13a17b -> 
  custom:video-decoder-webm-vp8: 9c59270c3fd7afecdb556c50c9e8de78 -> 
  custom:AudioImporter_EditorPlatform: d09bf68614088b80899f8185d706f6e7 -> 
  custom:video-encoder-webm-vp8: eb34c28f22e8b96e1ab97ce403110664 -> 
  custom:audio-decoder-ogg-vorbis: bf7c407c2cedff20999df2af8eb42d56 -> 
  custom:audio-encoder-webm-vorbis: bf7c407c2cedff20999df2af8eb42d56 -> 
========================================================================
Received Import Request.
  Time since last request: 444705.946535 seconds.
  path: Assets/script/EnemyPathing.cs
  artifactKey: Guid(541302477f6f9ae43a14dfd143045652) Importer(815301076,1909f56bfc062723c751e8b465ee728b)
Start importing Assets/script/EnemyPathing.cs using Guid(541302477f6f9ae43a14dfd143045652) Importer(815301076,1909f56bfc062723c751e8b465ee728b)  -> (artifact id: 'e16cf0509d8cbe93c6362a9dd1623441') in 0.002255 seconds
Number of updated asset objects reloaded before import = 0
Number of asset objects unloaded after import = 0
========================================================================
Received Import Request.
  Time since last request: 6.028537 seconds.
  path: Assets/shooter pack (2)/shooter pack/swat.fbm/Soldier_Body_diffuse.png
  artifactKey: Guid(8575b5eed5e8f904c9bf9f00653b4958) Importer(815301076,1909f56bfc062723c751e8b465ee728b)
Start importing Assets/shooter pack (2)/shooter pack/swat.fbm/Soldier_Body_diffuse.png using Guid(8575b5eed5e8f904c9bf9f00653b4958) Importer(815301076,1909f56bfc062723c751e8b465ee728b)  -> (artifact id: '8acd00d71323a90feefb56c0c9e8cac8') in 0.057223 seconds
Number of updated asset objects reloaded before import = 0
Number of asset objects unloaded after import = 2
========================================================================
Received Import Request.
  Time since last request: 0.020255 seconds.
  path: Assets/shooter pack (2)/shooter pack/swat.fbm/Soldier_Body_specular.png
  artifactKey: Guid(0f9c411a21f9b7844ae0a816bfbf4543) Importer(815301076,1909f56bfc062723c751e8b465ee728b)
Start importing Assets/shooter pack (2)/shooter pack/swat.fbm/Soldier_Body_specular.png using Guid(0f9c411a21f9b7844ae0a816bfbf4543) Importer(815301076,1909f56bfc062723c751e8b465ee728b)  -> (artifact id: '9a0a3028e7d85bba4a0b0f9eb5bf9c1e') in 0.018110 seconds
Number of updated asset objects reloaded before import = 0
Number of asset objects unloaded after import = 2
========================================================================
Received Import Request.
  Time since last request: 0.000014 seconds.
  path: Assets/shooter pack (2)/shooter pack/swat.fbm/Soldier_head_diffuse.png
  artifactKey: Guid(129f8af9fc1378946ad4202c5a9fdb70) Importer(815301076,1909f56bfc062723c751e8b465ee728b)
Start importing Assets/shooter pack (2)/shooter pack/swat.fbm/Soldier_head_diffuse.png using Guid(129f8af9fc1378946ad4202c5a9fdb70) Importer(815301076,1909f56bfc062723c751e8b465ee728b)  -> (artifact id: 'b5c7eba2aca9a6c0fa2598382f7b00a3') in 0.010542 seconds
Number of updated asset objects reloaded before import = 0
Number of asset objects unloaded after import = 2
========================================================================
Received Import Request.
  Time since last request: 0.000018 seconds.
  path: Assets/shooter pack (2)/shooter pack/swat.fbm/Soldier_Body_normal.png
  artifactKey: Guid(54b016488da754f42a19badf922540ef) Importer(815301076,1909f56bfc062723c751e8b465ee728b)
Start importing Assets/shooter pack (2)/shooter pack/swat.fbm/Soldier_Body_normal.png using Guid(54b016488da754f42a19badf922540ef) Importer(815301076,1909f56bfc062723c751e8b465ee728b)  -> (artifact id: 'd6dc8df52a09a0c1fd1589982331d227') in 0.028111 seconds
Number of updated asset objects reloaded before import = 0
Number of asset objects unloaded after import = 2
========================================================================
Received Import Request.
  Time since last request: 0.000012 seconds.
  path: Assets/shooter pack (2)/shooter pack/swat.fbm/Soldier_head_normal.png
  artifactKey: Guid(141199cc2b00ac24d9e893c222715c4b) Importer(815301076,1909f56bfc062723c751e8b465ee728b)
Start importing Assets/shooter pack (2)/shooter pack/swat.fbm/Soldier_head_normal.png using Guid(141199cc2b00ac24d9e893c222715c4b) Importer(815301076,1909f56bfc062723c751e8b465ee728b)  -> (artifact id: '583c3b278b4dee4fb2ad04a61714323e') in 0.007335 seconds
Number of updated asset objects reloaded before import = 0
Number of asset objects unloaded after import = 2
========================================================================
Received Import Request.
  Time since last request: 2.544536 seconds.
  path: Assets/shooter pack (2)/shooter pack/Materials/Soldier_body1.mat
  artifactKey: Guid(499da4cbe1f46c14499208150d81ebb9) Importer(815301076,1909f56bfc062723c751e8b465ee728b)
Start importing Assets/shooter pack (2)/shooter pack/Materials/Soldier_body1.mat using Guid(499da4cbe1f46c14499208150d81ebb9) Importer(815301076,1909f56bfc062723c751e8b465ee728b)  -> (artifact id: 'c96498041e0eb67f9ec48c723e2106fb') in 0.040530 seconds
Number of updated asset objects reloaded before import = 0
Number of asset objects unloaded after import = 3
========================================================================
Received Import Request.
  Time since last request: 0.000021 seconds.
  path: Assets/shooter pack (2)/shooter pack/Materials/Soldier_head6.mat
  artifactKey: Guid(4bab7c6e982130c48a31485301784913) Importer(815301076,1909f56bfc062723c751e8b465ee728b)
Start importing Assets/shooter pack (2)/shooter pack/Materials/Soldier_head6.mat using Guid(4bab7c6e982130c48a31485301784913) Importer(815301076,1909f56bfc062723c751e8b465ee728b)  -> (artifact id: 'e4338ca8bedff68d3abb2988eeb36ec9') in 0.009606 seconds
Number of updated asset objects reloaded before import = 0
Number of asset objects unloaded after import = 3
========================================================================
Received Import Request.
  Time since last request: 3.200161 seconds.
  path: Assets/shooter pack (2)/shooter pack/swat.fbm/Materials/Soldier_Body_diffuse_red.mat
  artifactKey: Guid(b0fcd00309f444de389f128a729c4cd6) Importer(815301076,1909f56bfc062723c751e8b465ee728b)
Start importing Assets/shooter pack (2)/shooter pack/swat.fbm/Materials/Soldier_Body_diffuse_red.mat using Guid(b0fcd00309f444de389f128a729c4cd6) Importer(815301076,1909f56bfc062723c751e8b465ee728b)  -> (artifact id: '78f53054c7eec1a2b586a42abd13b6d2') in 0.014369 seconds
Number of updated asset objects reloaded before import = 0
Number of asset objects unloaded after import = 2
========================================================================
Received Import Request.
  Time since last request: 3.013118 seconds.
  path: Assets/shooter pack (2)/shooter pack/jump backward.fbx
  artifactKey: Guid(e09b5370b57914b48b85d9d408e8affa) Importer(815301076,1909f56bfc062723c751e8b465ee728b)
Start importing Assets/shooter pack (2)/shooter pack/jump backward.fbx using Guid(e09b5370b57914b48b85d9d408e8affa) Importer(815301076,1909f56bfc062723c751e8b465ee728b)  -> (artifact id: '8004724a91aa6e19e31cff4463415fcc') in 0.006863 seconds
Number of updated asset objects reloaded before import = 0
Number of asset objects unloaded after import = 143
========================================================================
Received Import Request.
  Time since last request: 0.042696 seconds.
  path: Assets/shooter pack (2)/shooter pack/rifle aiming idle.fbx
  artifactKey: Guid(0fdc4b22744051647a488d0c965522e1) Importer(815301076,1909f56bfc062723c751e8b465ee728b)
Start importing Assets/shooter pack (2)/shooter pack/rifle aiming idle.fbx using Guid(0fdc4b22744051647a488d0c965522e1) Importer(815301076,1909f56bfc062723c751e8b465ee728b)  -> (artifact id: 'c1500b779a8857f49d76d09b6aca1bae') in 0.004320 seconds
Number of updated asset objects reloaded before import = 0
Number of asset objects unloaded after import = 143
========================================================================
Received Import Request.
  Time since last request: 0.044148 seconds.
  path: Assets/shooter pack (2)/shooter pack/swat@Dying Backwards.fbx
  artifactKey: Guid(0f1b43ee67cad88449af62637644d386) Importer(815301076,1909f56bfc062723c751e8b465ee728b)
Start importing Assets/shooter pack (2)/shooter pack/swat@Dying Backwards.fbx using Guid(0f1b43ee67cad88449af62637644d386) Importer(815301076,1909f56bfc062723c751e8b465ee728b)  -> (artifact id: 'abdd0d4ed07683a14b5aaef16307318b') in 0.005496 seconds
Number of updated asset objects reloaded before import = 0
Number of asset objects unloaded after import = 143
========================================================================
Received Import Request.
  Time since last request: 0.035760 seconds.
  path: Assets/shooter pack (2)/shooter pack/swat@Rifle Aiming Idle (1).fbx
  artifactKey: Guid(e36d44a36daa673489e115b9caa40736) Importer(815301076,1909f56bfc062723c751e8b465ee728b)
Start importing Assets/shooter pack (2)/shooter pack/swat@Rifle Aiming Idle (1).fbx using Guid(e36d44a36daa673489e115b9caa40736) Importer(815301076,1909f56bfc062723c751e8b465ee728b)  -> (artifact id: 'c1a47f906502936306997e8d07bc087c') in 0.004782 seconds
Number of updated asset objects reloaded before import = 0
Number of asset objects unloaded after import = 143
========================================================================
Received Import Request.
  Time since last request: 0.036255 seconds.
  path: Assets/shooter pack (2)/shooter pack/swat@Walk Forward Left.fbx
  artifactKey: Guid(4c329affeb1f88745b8fc440f8c9a22c) Importer(815301076,1909f56bfc062723c751e8b465ee728b)
Start importing Assets/shooter pack (2)/shooter pack/swat@Walk Forward Left.fbx using Guid(4c329affeb1f88745b8fc440f8c9a22c) Importer(815301076,1909f56bfc062723c751e8b465ee728b)  -> (artifact id: '278f40caa8074c28c52c7ca1c7130e0a') in 0.006699 seconds
Number of updated asset objects reloaded before import = 0
Number of asset objects unloaded after import = 143
========================================================================
Received Import Request.
  Time since last request: 0.000015 seconds.
  path: Assets/shooter pack (2)/shooter pack/walking backwards.fbx
  artifactKey: Guid(4472c2b2dd5503b44952458595090b69) Importer(815301076,1909f56bfc062723c751e8b465ee728b)
Start importing Assets/shooter pack (2)/shooter pack/walking backwards.fbx using Guid(4472c2b2dd5503b44952458595090b69) Importer(815301076,1909f56bfc062723c751e8b465ee728b)  -> (artifact id: 'b11287409d993fe8cb9260e3975ee035') in 0.004292 seconds
Number of updated asset objects reloaded before import = 0
Number of asset objects unloaded after import = 143
========================================================================
Received Import Request.
  Time since last request: 0.000011 seconds.
  path: Assets/shooter pack (2)/shooter pack/swat@Walk Backward Right.fbx
  artifactKey: Guid(113b894d1a5c1bc4a89570f482380561) Importer(815301076,1909f56bfc062723c751e8b465ee728b)
Start importing Assets/shooter pack (2)/shooter pack/swat@Walk Backward Right.fbx using Guid(113b894d1a5c1bc4a89570f482380561) Importer(815301076,1909f56bfc062723c751e8b465ee728b)  -> (artifact id: '1d3549403a7c74f7b9b930ac1b1d7369') in 0.002479 seconds
Number of updated asset objects reloaded before import = 0
Number of asset objects unloaded after import = 143
========================================================================
Received Import Request.
  Time since last request: 0.000012 seconds.
  path: Assets/shooter pack (2)/shooter pack/walking.fbx
  artifactKey: Guid(ade3c9ce6b0e32443a6a79dd39800d99) Importer(815301076,1909f56bfc062723c751e8b465ee728b)
Start importing Assets/shooter pack (2)/shooter pack/walking.fbx using Guid(ade3c9ce6b0e32443a6a79dd39800d99) Importer(815301076,1909f56bfc062723c751e8b465ee728b)  -> (artifact id: 'a6e38aa55f87573d90b13ebf4d02220d') in 0.002721 seconds
Number of updated asset objects reloaded before import = 0
Number of asset objects unloaded after import = 143
========================================================================
Received Import Request.
  Time since last request: 0.000014 seconds.
  path: Assets/shooter pack (2)/shooter pack/swat@Rifle Aiming Idle (5).fbx
  artifactKey: Guid(ca994b2287dbf214fbc93ec3eb3c2dae) Importer(815301076,1909f56bfc062723c751e8b465ee728b)
Start importing Assets/shooter pack (2)/shooter pack/swat@Rifle Aiming Idle (5).fbx using Guid(ca994b2287dbf214fbc93ec3eb3c2dae) Importer(815301076,1909f56bfc062723c751e8b465ee728b)  -> (artifact id: '1987716809f1b9cc99e03d785347b3ee') in 0.005318 seconds
Number of updated asset objects reloaded before import = 0
Number of asset objects unloaded after import = 143
Editor requested this worker to shutdown with reason: Scaling down because of idle timeout
TcpMessagingSession - receive error
AssetImportWorkerClient::OnTransportError - code=2 error=End of file
AssetImportWorker is now disconnected from the server
Process exiting
Exiting without the bug reporter. Application will terminate with return code 0