Using pre-set license
Built from '2022.3/staging' branch; Version is '2022.3.13f1 (5f90a5ebde0f) revision 6262949'; Using compiler version '192829333'; Build Type 'Release'
OS: 'Windows 11  (10.0.22621) 64bit Core' Language: 'en' Physical Memory: 65296 MB
BatchMode: 1, IsHumanControllingUs: 0, StartBugReporterOnCrash: 0, Is64bit: 1, IsPro: 1

COMMAND LINE ARGUMENTS:
D:\Unity\2022.3.13f1\Editor\Unity.exe
-adb2
-batchMode
-noUpm
-name
AssetImportWorker1
-projectPath
C:/Users/Alienware/Desktop/VC CMPT742/A4/A4
-logFile
Logs/AssetImportWorker1.log
-srvPort
5149
Successfully changed project path to: C:/Users/Alienware/Desktop/VC CMPT742/A4/A4
C:/Users/Alienware/Desktop/VC CMPT742/A4/A4
[UnityMemory] Configuration Parameters - Can be set up in boot.config
    "memorysetup-bucket-allocator-granularity=16"
    "memorysetup-bucket-allocator-bucket-count=8"
    "memorysetup-bucket-allocator-block-size=33554432"
    "memorysetup-bucket-allocator-block-count=8"
    "memorysetup-main-allocator-block-size=16777216"
    "memorysetup-thread-allocator-block-size=16777216"
    "memorysetup-gfx-main-allocator-block-size=16777216"
    "memorysetup-gfx-thread-allocator-block-size=16777216"
    "memorysetup-cache-allocator-block-size=4194304"
    "memorysetup-typetree-allocator-block-size=2097152"
    "memorysetup-profiler-bucket-allocator-granularity=16"
    "memorysetup-profiler-bucket-allocator-bucket-count=8"
    "memorysetup-profiler-bucket-allocator-block-size=33554432"
    "memorysetup-profiler-bucket-allocator-block-count=8"
    "memorysetup-profiler-allocator-block-size=16777216"
    "memorysetup-profiler-editor-allocator-block-size=1048576"
    "memorysetup-temp-allocator-size-main=16777216"
    "memorysetup-job-temp-allocator-block-size=2097152"
    "memorysetup-job-temp-allocator-block-size-background=1048576"
    "memorysetup-job-temp-allocator-reduction-small-platforms=262144"
    "memorysetup-allocator-temp-initial-block-size-main=262144"
    "memorysetup-allocator-temp-initial-block-size-worker=262144"
    "memorysetup-temp-allocator-size-background-worker=32768"
    "memorysetup-temp-allocator-size-job-worker=262144"
    "memorysetup-temp-allocator-size-preload-manager=33554432"
    "memorysetup-temp-allocator-size-nav-mesh-worker=65536"
    "memorysetup-temp-allocator-size-audio-worker=65536"
    "memorysetup-temp-allocator-size-cloud-worker=32768"
    "memorysetup-temp-allocator-size-gi-baking-worker=262144"
    "memorysetup-temp-allocator-size-gfx=262144"
Player connection [52180] Host "[IP] 10.0.0.209 [Port] 0 [Flags] 2 [Guid] 774121923 [EditorId] 774121923 [Version] 1048832 [Id] WindowsEditor(7,wenhe) [Debug] 1 [PackageName] WindowsEditor [ProjectName] Editor" joined multi-casting on [225.0.0.222:54997]...

Player connection [52180] Host "[IP] 10.0.0.209 [Port] 0 [Flags] 2 [Guid] 774121923 [EditorId] 774121923 [Version] 1048832 [Id] WindowsEditor(7,wenhe) [Debug] 1 [PackageName] WindowsEditor [ProjectName] Editor" joined alternative multi-casting on [225.0.0.222:34997]...

[Physics::Module] Initialized MultithreadedJobDispatcher with 31 workers.
Refreshing native plugins compatible for Editor in 6.41 ms, found 3 plugins.
Preloading 0 native plugins for Editor in 0.00 ms.
Initialize engine version: 2022.3.13f1 (5f90a5ebde0f)
[Subsystems] Discovering subsystems at path D:/Unity/2022.3.13f1/Editor/Data/Resources/UnitySubsystems
[Subsystems] Discovering subsystems at path C:/Users/Alienware/Desktop/VC CMPT742/A4/A4/Assets
GfxDevice: creating device client; threaded=0; jobified=0
Direct3D:
    Version:  Direct3D 11.0 [level 11.1]
    Renderer: NVIDIA GeForce RTX 4080 Laptop GPU (ID=0x27e0)
    Vendor:   NVIDIA
    VRAM:     12011 MB
    Driver:   31.0.15.4601
Initialize mono
Mono path[0] = 'D:/Unity/2022.3.13f1/Editor/Data/Managed'
Mono path[1] = 'D:/Unity/2022.3.13f1/Editor/Data/MonoBleedingEdge/lib/mono/unityjit-win32'
Mono config path = 'D:/Unity/2022.3.13f1/Editor/Data/MonoBleedingEdge/etc'
Using monoOptions --debugger-agent=transport=dt_socket,embedding=1,server=y,suspend=n,address=127.0.0.1:56624
Begin MonoManager ReloadAssembly
Registering precompiled unity dll's ...
Register platform support module: D:/Unity/2022.3.13f1/Editor/Data/PlaybackEngines/WebGLSupport/UnityEditor.WebGL.Extensions.dll
Register platform support module: D:/Unity/2022.3.13f1/Editor/Data/PlaybackEngines/WindowsStandaloneSupport/UnityEditor.WindowsStandalone.Extensions.dll
Registered in 0.002805 seconds.
- Loaded All Assemblies, in  0.223 seconds
Native extension for WindowsStandalone target not found
Native extension for WebGL target not found
Mono: successfully reloaded assembly
- Finished resetting the current domain, in  0.158 seconds
Domain Reload Profiling: 381ms
	BeginReloadAssembly (71ms)
		ExecutionOrderSort (0ms)
		DisableScriptedObjects (0ms)
		BackupInstance (0ms)
		ReleaseScriptingObjects (0ms)
		CreateAndSetChildDomain (1ms)
	RebuildCommonClasses (22ms)
	RebuildNativeTypeToScriptingClass (7ms)
	initialDomainReloadingComplete (34ms)
	LoadAllAssembliesAndSetupDomain (88ms)
		LoadAssemblies (70ms)
		RebuildTransferFunctionScriptingTraits (0ms)
		AnalyzeDomain (87ms)
			TypeCache.Refresh (86ms)
				TypeCache.ScanAssembly (77ms)
			ScanForSourceGeneratedMonoScriptInfo (0ms)
			ResolveRequiredComponents (0ms)
	FinalizeReload (158ms)
		ReleaseScriptCaches (0ms)
		RebuildScriptCaches (0ms)
		SetupLoadedEditorAssemblies (121ms)
			LogAssemblyErrors (0ms)
			InitializePlatformSupportModulesInManaged (5ms)
			SetLoadedEditorAssemblies (4ms)
			RefreshPlugins (0ms)
			BeforeProcessingInitializeOnLoad (1ms)
			ProcessInitializeOnLoadAttributes (78ms)
			ProcessInitializeOnLoadMethodAttributes (33ms)
			AfterProcessingInitializeOnLoad (0ms)
			EditorAssembliesLoaded (0ms)
		ExecutionOrderSort2 (0ms)
		AwakeInstancesAfterBackupRestoration (0ms)
========================================================================
Worker process is ready to serve import requests
Begin MonoManager ReloadAssembly
- Loaded All Assemblies, in  0.386 seconds
Refreshing native plugins compatible for Editor in 2.32 ms, found 3 plugins.
Native extension for WindowsStandalone target not found
Native extension for WebGL target not found
Package Manager log level set to [2]
[Package Manager] Server::EnsureServerProcessIsRunning -- launch failed, reason: Unity was launched with the -noUpm command-line argument
[Package Manager] UpmClient::Send -- Unable to send message (not connected to UPM process).
[Package Manager] Cannot connect to Unity Package Manager local server
Mono: successfully reloaded assembly
- Finished resetting the current domain, in  0.322 seconds
Domain Reload Profiling: 708ms
	BeginReloadAssembly (99ms)
		ExecutionOrderSort (0ms)
		DisableScriptedObjects (3ms)
		BackupInstance (0ms)
		ReleaseScriptingObjects (0ms)
		CreateAndSetChildDomain (13ms)
	RebuildCommonClasses (20ms)
	RebuildNativeTypeToScriptingClass (6ms)
	initialDomainReloadingComplete (23ms)
	LoadAllAssembliesAndSetupDomain (238ms)
		LoadAssemblies (196ms)
		RebuildTransferFunctionScriptingTraits (0ms)
		AnalyzeDomain (104ms)
			TypeCache.Refresh (92ms)
				TypeCache.ScanAssembly (83ms)
			ScanForSourceGeneratedMonoScriptInfo (8ms)
			ResolveRequiredComponents (2ms)
	FinalizeReload (323ms)
		ReleaseScriptCaches (0ms)
		RebuildScriptCaches (0ms)
		SetupLoadedEditorAssemblies (237ms)
			LogAssemblyErrors (0ms)
			InitializePlatformSupportModulesInManaged (3ms)
			SetLoadedEditorAssemblies (4ms)
			RefreshPlugins (0ms)
			BeforeProcessingInitializeOnLoad (34ms)
			ProcessInitializeOnLoadAttributes (181ms)
			ProcessInitializeOnLoadMethodAttributes (13ms)
			AfterProcessingInitializeOnLoad (1ms)
			EditorAssembliesLoaded (0ms)
		ExecutionOrderSort2 (0ms)
		AwakeInstancesAfterBackupRestoration (4ms)
Launched and connected shader compiler UnityShaderCompiler.exe after 0.04 seconds
Refreshing native plugins compatible for Editor in 2.43 ms, found 3 plugins.
Preloading 0 native plugins for Editor in 0.00 ms.
Unloading 3084 Unused Serialized files (Serialized files now loaded: 0)
Unloading 32 unused Assets / (56.7 KB). Loaded Objects now: 3545.
Memory consumption went from 123.3 MB to 123.3 MB.
Total: 1.879800 ms (FindLiveObjects: 0.128800 ms CreateObjectMapping: 0.038700 ms MarkObjects: 1.645400 ms  DeleteObjects: 0.065800 ms)

AssetImportParameters requested are different than current active one (requested -> active):
  custom:container-demuxer-ogg: 62fdf1f143b41e24485cea50d1cbac27 -> 
  custom:video-codec-MediaFoundation-h265: 746d11721c4dcdbdad8f713fa42b33f4 -> 
  custom:video-decoder-ogg-theora: a1e56fd34408186e4bbccfd4996cb3dc -> 
  custom:framework-win-MediaFoundation: 216162199b28c13a410421893ffa2e32 -> 
  custom:container-demuxer-webm: 4f35f7cbe854078d1ac9338744f61a02 -> 
  custom:container-muxer-webm: aa71ff27fc2769a1b78a27578f13a17b -> 
  custom:video-decoder-webm-vp8: 9c59270c3fd7afecdb556c50c9e8de78 -> 
  custom:AudioImporter_EditorPlatform: d09bf68614088b80899f8185d706f6e7 -> 
  custom:video-encoder-webm-vp8: eb34c28f22e8b96e1ab97ce403110664 -> 
  custom:audio-decoder-ogg-vorbis: bf7c407c2cedff20999df2af8eb42d56 -> 
  custom:audio-encoder-webm-vorbis: bf7c407c2cedff20999df2af8eb42d56 -> 
========================================================================
Received Import Request.
  Time since last request: 444711.978488 seconds.
  path: Assets/shooter pack (2)/shooter pack/swat.fbm/Soldier_Body_diffuse 1.png
  artifactKey: Guid(d8d3ae7d3332d4b4a95095fb53ef2ed4) Importer(815301076,1909f56bfc062723c751e8b465ee728b)
Start importing Assets/shooter pack (2)/shooter pack/swat.fbm/Soldier_Body_diffuse 1.png using Guid(d8d3ae7d3332d4b4a95095fb53ef2ed4) Importer(815301076,1909f56bfc062723c751e8b465ee728b)  -> (artifact id: '85c7ec3dfdb5d0282fae19c2676bb226') in 0.056769 seconds
Number of updated asset objects reloaded before import = 0
Number of asset objects unloaded after import = 2
========================================================================
Received Import Request.
  Time since last request: 0.020098 seconds.
  path: Assets/shooter pack (2)/shooter pack/swat.fbm/Soldier_Body_specular 1.png
  artifactKey: Guid(1da592e5a03ae37438ecbfbfbf4fce6b) Importer(815301076,1909f56bfc062723c751e8b465ee728b)
Start importing Assets/shooter pack (2)/shooter pack/swat.fbm/Soldier_Body_specular 1.png using Guid(1da592e5a03ae37438ecbfbfbf4fce6b) Importer(815301076,1909f56bfc062723c751e8b465ee728b)  -> (artifact id: 'af46d2e9598e99da3598f3e1c83f13de') in 0.012431 seconds
Number of updated asset objects reloaded before import = 0
Number of asset objects unloaded after import = 2
========================================================================
Received Import Request.
  Time since last request: 0.000053 seconds.
  path: Assets/shooter pack (2)/shooter pack/swat.fbm/Soldier_head_specular.png
  artifactKey: Guid(653a7f9ded0dc9544bb5312af5c2f81e) Importer(815301076,1909f56bfc062723c751e8b465ee728b)
Start importing Assets/shooter pack (2)/shooter pack/swat.fbm/Soldier_head_specular.png using Guid(653a7f9ded0dc9544bb5312af5c2f81e) Importer(815301076,1909f56bfc062723c751e8b465ee728b)  -> (artifact id: 'df6dc9730580328fe2fa4cad766087bd') in 0.016270 seconds
Number of updated asset objects reloaded before import = 0
Number of asset objects unloaded after import = 2
========================================================================
Received Import Request.
  Time since last request: 0.000031 seconds.
  path: Assets/shooter pack (2)/shooter pack/swat.fbm/Soldier_Body_normal 1.png
  artifactKey: Guid(2e91e48cb6bb28d4db2f54da80acc89e) Importer(815301076,1909f56bfc062723c751e8b465ee728b)
Start importing Assets/shooter pack (2)/shooter pack/swat.fbm/Soldier_Body_normal 1.png using Guid(2e91e48cb6bb28d4db2f54da80acc89e) Importer(815301076,1909f56bfc062723c751e8b465ee728b)  -> (artifact id: '55d0b07ccf3b3ece198ca88b1768e513') in 0.030592 seconds
Number of updated asset objects reloaded before import = 0
Number of asset objects unloaded after import = 2
========================================================================
Received Import Request.
  Time since last request: 0.000012 seconds.
  path: Assets/shooter pack (2)/shooter pack/swat.fbm/Soldier_Body_diffuse_red.png
  artifactKey: Guid(218d9d87c93969c43bcc541fde2cc87b) Importer(815301076,1909f56bfc062723c751e8b465ee728b)
Start importing Assets/shooter pack (2)/shooter pack/swat.fbm/Soldier_Body_diffuse_red.png using Guid(218d9d87c93969c43bcc541fde2cc87b) Importer(815301076,1909f56bfc062723c751e8b465ee728b)  -> (artifact id: 'd4f0c4e4ea53166cb35f9d48da877d80') in 0.005919 seconds
Number of updated asset objects reloaded before import = 0
Number of asset objects unloaded after import = 2
========================================================================
Received Import Request.
  Time since last request: 2.544089 seconds.
  path: Assets/shooter pack (2)/shooter pack/Materials/Soldier_body2.mat
  artifactKey: Guid(ef7d799f540e92a4aa289998b12db834) Importer(815301076,1909f56bfc062723c751e8b465ee728b)
Start importing Assets/shooter pack (2)/shooter pack/Materials/Soldier_body2.mat using Guid(ef7d799f540e92a4aa289998b12db834) Importer(815301076,1909f56bfc062723c751e8b465ee728b)  -> (artifact id: '0eccd0887de2b7c8e55021d383920c84') in 0.040819 seconds
Number of updated asset objects reloaded before import = 0
Number of asset objects unloaded after import = 3
========================================================================
Received Import Request.
  Time since last request: 0.000013 seconds.
  path: Assets/shooter pack (2)/shooter pack/Materials/Soldier_body3.mat
  artifactKey: Guid(65f3dbf5303eae0428ebb1cac50ed834) Importer(815301076,1909f56bfc062723c751e8b465ee728b)
Start importing Assets/shooter pack (2)/shooter pack/Materials/Soldier_body3.mat using Guid(65f3dbf5303eae0428ebb1cac50ed834) Importer(815301076,1909f56bfc062723c751e8b465ee728b)  -> (artifact id: 'e062bf35b7cd41fa3cd4fdb56f5c55ff') in 0.009408 seconds
Number of updated asset objects reloaded before import = 0
Number of asset objects unloaded after import = 3
========================================================================
Received Import Request.
  Time since last request: 3.200367 seconds.
  path: Assets/shooter pack (2)/shooter pack/swat.fbm/Materials/Soldier_head_diffuse.mat
  artifactKey: Guid(95b7c397c857d4f588ff7103f66b4c84) Importer(815301076,1909f56bfc062723c751e8b465ee728b)
Start importing Assets/shooter pack (2)/shooter pack/swat.fbm/Materials/Soldier_head_diffuse.mat using Guid(95b7c397c857d4f588ff7103f66b4c84) Importer(815301076,1909f56bfc062723c751e8b465ee728b)  -> (artifact id: '5f401566e0114a3e766d914c5864ede0') in 0.010345 seconds
Number of updated asset objects reloaded before import = 0
Number of asset objects unloaded after import = 2
========================================================================
Received Import Request.
  Time since last request: 3.016718 seconds.
  path: Assets/shooter pack (2)/shooter pack/jump forward.fbx
  artifactKey: Guid(afff8f5022ac321499dd676504859382) Importer(815301076,1909f56bfc062723c751e8b465ee728b)
Start importing Assets/shooter pack (2)/shooter pack/jump forward.fbx using Guid(afff8f5022ac321499dd676504859382) Importer(815301076,1909f56bfc062723c751e8b465ee728b)  -> (artifact id: '1297b834dfe63a1e3f13da1b157e960a') in 0.006562 seconds
Number of updated asset objects reloaded before import = 0
Number of asset objects unloaded after import = 143
========================================================================
Received Import Request.
  Time since last request: 0.042613 seconds.
  path: Assets/shooter pack (2)/shooter pack/start walking backwards.fbx
  artifactKey: Guid(a31a35637da089f4f89da2ebfbe61e55) Importer(815301076,1909f56bfc062723c751e8b465ee728b)
Start importing Assets/shooter pack (2)/shooter pack/start walking backwards.fbx using Guid(a31a35637da089f4f89da2ebfbe61e55) Importer(815301076,1909f56bfc062723c751e8b465ee728b)  -> (artifact id: '8116eb3e1a1cd1f85e1b3f577b75a50a') in 0.003613 seconds
Number of updated asset objects reloaded before import = 0
Number of asset objects unloaded after import = 143
========================================================================
Received Import Request.
  Time since last request: 0.044285 seconds.
  path: Assets/shooter pack (2)/shooter pack/strafe (2).fbx
  artifactKey: Guid(8df042cfd62d4474c8392cb2b0efdc41) Importer(815301076,1909f56bfc062723c751e8b465ee728b)
Start importing Assets/shooter pack (2)/shooter pack/strafe (2).fbx using Guid(8df042cfd62d4474c8392cb2b0efdc41) Importer(815301076,1909f56bfc062723c751e8b465ee728b)  -> (artifact id: 'c1ff5995aaac5ca8d9e9bdc629237500') in 0.004690 seconds
Number of updated asset objects reloaded before import = 0
Number of asset objects unloaded after import = 143
========================================================================
Received Import Request.
  Time since last request: 0.036441 seconds.
  path: Assets/shooter pack (2)/shooter pack/swat@Rifle Aiming Idle (2).fbx
  artifactKey: Guid(a8c07307d588d2446bc455f4d81c975f) Importer(815301076,1909f56bfc062723c751e8b465ee728b)
Start importing Assets/shooter pack (2)/shooter pack/swat@Rifle Aiming Idle (2).fbx using Guid(a8c07307d588d2446bc455f4d81c975f) Importer(815301076,1909f56bfc062723c751e8b465ee728b)  -> (artifact id: '0aa506bd847d6e552e3f478b354f1a6f') in 0.005814 seconds
Number of updated asset objects reloaded before import = 0
Number of asset objects unloaded after import = 143
========================================================================
Received Import Request.
  Time since last request: 0.034521 seconds.
  path: Assets/shooter pack (2)/shooter pack/swat@Rifle Run.fbx
  artifactKey: Guid(3871fa244a037f141b03b7d8b3e281b9) Importer(815301076,1909f56bfc062723c751e8b465ee728b)
Start importing Assets/shooter pack (2)/shooter pack/swat@Rifle Run.fbx using Guid(3871fa244a037f141b03b7d8b3e281b9) Importer(815301076,1909f56bfc062723c751e8b465ee728b)  -> (artifact id: 'c19d086ce9596e4631388bf09c0793bb') in 0.005083 seconds
Number of updated asset objects reloaded before import = 0
Number of asset objects unloaded after import = 143
========================================================================
Received Import Request.
  Time since last request: 0.000010 seconds.
  path: Assets/shooter pack (2)/shooter pack/swat@Walk Left.fbx
  artifactKey: Guid(13a476b45b3f1544ca664eebda347cbf) Importer(815301076,1909f56bfc062723c751e8b465ee728b)
Start importing Assets/shooter pack (2)/shooter pack/swat@Walk Left.fbx using Guid(13a476b45b3f1544ca664eebda347cbf) Importer(815301076,1909f56bfc062723c751e8b465ee728b)  -> (artifact id: 'd543c5afb9b2bc8072b5880c8c6bdf4b') in 0.004290 seconds
Number of updated asset objects reloaded before import = 0
Number of asset objects unloaded after import = 143
========================================================================
Received Import Request.
  Time since last request: 0.000014 seconds.
  path: Assets/shooter pack (2)/shooter pack/upper_body.mask
  artifactKey: Guid(7e01148899ba0d841ac15a58f0fcd431) Importer(815301076,1909f56bfc062723c751e8b465ee728b)
Start importing Assets/shooter pack (2)/shooter pack/upper_body.mask using Guid(7e01148899ba0d841ac15a58f0fcd431) Importer(815301076,1909f56bfc062723c751e8b465ee728b)  -> (artifact id: 'f274e120cdd30e704990b24c4dd18f23') in 0.001337 seconds
Number of updated asset objects reloaded before import = 0
Number of asset objects unloaded after import = 1
========================================================================
Received Import Request.
  Time since last request: 0.000049 seconds.
  path: Assets/shooter pack (2)/shooter pack/swat@Walk Forward Right.fbx
  artifactKey: Guid(a5257fbef64e42c4dbad9cbfc820f540) Importer(815301076,1909f56bfc062723c751e8b465ee728b)
Start importing Assets/shooter pack (2)/shooter pack/swat@Walk Forward Right.fbx using Guid(a5257fbef64e42c4dbad9cbfc820f540) Importer(815301076,1909f56bfc062723c751e8b465ee728b)  -> (artifact id: 'f7e78db680a238b03ccd4300236a08b4') in 0.002410 seconds
Number of updated asset objects reloaded before import = 0
Number of asset objects unloaded after import = 143
========================================================================
Received Import Request.
  Time since last request: 0.000013 seconds.
  path: Assets/shooter pack (2)/shooter pack/swat@Death From Front Headshot.fbx
  artifactKey: Guid(1347df0e351a92e42a431cc73b600f18) Importer(815301076,1909f56bfc062723c751e8b465ee728b)
Start importing Assets/shooter pack (2)/shooter pack/swat@Death From Front Headshot.fbx using Guid(1347df0e351a92e42a431cc73b600f18) Importer(815301076,1909f56bfc062723c751e8b465ee728b)  -> (artifact id: '6c4a2168dc2d2552d10ddf48b67f1a4e') in 0.002917 seconds
Number of updated asset objects reloaded before import = 0
Number of asset objects unloaded after import = 143
========================================================================
Received Import Request.
  Time since last request: 0.000016 seconds.
  path: Assets/shooter pack (2)/shooter pack/start walking.fbx
  artifactKey: Guid(ce1bfc51e2d134447b8d7649b214b6b1) Importer(815301076,1909f56bfc062723c751e8b465ee728b)
Start importing Assets/shooter pack (2)/shooter pack/start walking.fbx using Guid(ce1bfc51e2d134447b8d7649b214b6b1) Importer(815301076,1909f56bfc062723c751e8b465ee728b)  -> (artifact id: '17524e655311ef714ebd69b4c5d58b14') in 0.005233 seconds
Number of updated asset objects reloaded before import = 0
Number of asset objects unloaded after import = 143
========================================================================
Received Import Request.
  Time since last request: 0.000016 seconds.
  path: Assets/shooter pack (2)/shooter pack/swat@Walk Backward Left.fbx
  artifactKey: Guid(8c2405fb242234749b4ef0ee8ef94eb8) Importer(815301076,1909f56bfc062723c751e8b465ee728b)
Start importing Assets/shooter pack (2)/shooter pack/swat@Walk Backward Left.fbx using Guid(8c2405fb242234749b4ef0ee8ef94eb8) Importer(815301076,1909f56bfc062723c751e8b465ee728b)  -> (artifact id: 'c42fab9bf0571d700dc4e3404a7955c2') in 0.004976 seconds
Number of updated asset objects reloaded before import = 0
Number of asset objects unloaded after import = 143
Editor requested this worker to shutdown with reason: Scaling down because of idle timeout
TcpMessagingSession - receive error: operation aborted. errorcode: 995, details: The I/O operation has been aborted because of either a thread exit or an application request.
AssetImportWorker is now disconnected from the server
Process exiting
Exiting without the bug reporter. Application will terminate with return code 0